<?xml version="1.0" encoding="UTF-8"?>
<!-- Generated by org.testng.reporters.JUnitXMLReporter -->
<testsuite hostname="NOI1-TEM989" name="Testing the Selling Books" tests="1" failures="0" timestamp="18 Feb 2016 05:53:13 GMT" time="0.019" errors="0">
  <testcase name="@BeforeTest shouldWeSkip" time="0.0" classname="com.org.LearningMaven.SampleTestProjectMaven.SellingBooks">
    <skipped/>
  </testcase> <!-- @BeforeTest shouldWeSkip -->
  <testcase name="testSellingBooks" time="0.001" classname="com.org.LearningMaven.SampleTestProjectMaven.SellingBooks">
    <skipped/>
  </testcase> <!-- testSellingBooks -->
</testsuite> <!-- Testing the Selling Books -->
